Build started 10/12/2015 2:22:14 PM.
     1>Project "C:\Users\Carson\Documents\Carson\Programming\connect4\vs_connect4\con4_fancy\vs_connect4.vcxproj" on node 2 (Build target(s)).
     1>C:\Program Files (x86)\MSBuild\Microsoft.Cpp\v4.0\V140\Microsoft.CppBuild.targets(392,5): warning MSB8028: The intermediate directory (Debug\) contains files shared from another project (vs_connect4 _fancy.vcxproj, vs_connect4.vcxproj).  This can lead to incorrect clean and rebuild behavior.
     1>ClCompile:
         C:\Program Files (x86)\Microsoft Visual Studio 14.0\VC\bin\CL.exe /c /ZI /nologo /W3 /WX- /sdl /Od /Oy- /D _MBCS /Gm /EHsc /RTC1 /MDd /GS /fp:precise /Zc:wchar_t /Zc:forScope /Zc:inline /Fo"Debug\\" /Fd"Debug\vc140.pdb" /Gd /TP /analyze- /errorReport:prompt board.cpp brain.cpp main.cpp
         brain.cpp
     1>c:\users\carson\documents\carson\programming\connect4\vs_connect4\con4_fancy\brain.h(38): error C2365: 'Brain::rankScore': redefinition; previous definition was 'data member'
         c:\users\carson\documents\carson\programming\connect4\vs_connect4\con4_fancy\brain.h(17): note: see declaration of 'Brain::rankScore'
     1>c:\users\carson\documents\carson\programming\connect4\vs_connect4\con4_fancy\brain.cpp(179): error C2063: 'Brain::rankScore': not a function
         Generating Code...
         Compiling...
         board.cpp
     1>c:\users\carson\documents\carson\programming\connect4\vs_connect4\con4_fancy\brain.h(38): error C2365: 'Brain::rankScore': redefinition; previous definition was 'data member'
         c:\users\carson\documents\carson\programming\connect4\vs_connect4\con4_fancy\brain.h(17): note: see declaration of 'Brain::rankScore'
         Generating Code...
         Compiling...
         main.cpp
     1>c:\users\carson\documents\carson\programming\connect4\vs_connect4\con4_fancy\brain.h(38): error C2365: 'Brain::rankScore': redefinition; previous definition was 'data member'
         c:\users\carson\documents\carson\programming\connect4\vs_connect4\con4_fancy\brain.h(17): note: see declaration of 'Brain::rankScore'
         Generating Code...
     1>Done Building Project "C:\Users\Carson\Documents\Carson\Programming\connect4\vs_connect4\con4_fancy\vs_connect4.vcxproj" (Build target(s)) -- FAILED.

Build FAILED.

Time Elapsed 00:00:02.37
